<?xml version="1.0" encoding="UTF-8"?>
<!-- Generated by org.testng.reporters.JUnitXMLReporter -->
<testsuite ignored="2" hostname="DESKTOP-UIFG9QV" failures="0" tests="1" name="Auomation Test" time="85.166" errors="0" timestamp="2021-05-20T08:49:20 IST">
  <testcase classname="Multi_Test.Muti_Test_Runner" name="Create_Deposit_Account_Test1" time="84.983"/>
  <testcase classname="Multi_Test.Muti_Test_Runner" name="Regstartion_test1" time="0.0">
    <ignored/>
  </testcase> <!-- Regstartion_test1 -->
  <testcase classname="Multi_Test.Muti_Test_Runner" name="Make_Deposit_To_Accounts_Page_Test3" time="0.0">
    <ignored/>
  </testcase> <!-- Make_Deposit_To_Accounts_Page_Test3 -->
</testsuite> <!-- Auomation Test -->
